C51 COMPILER V9.60.0.0   ADC                                                               07/09/2023 22:10:34 PAGE 1   


C51 COMPILER V9.60.0.0, COMPILATION OF MODULE ADC
OBJECT MODULE PLACED IN .\output\adc.obj
COMPILER INVOKED BY: D:\Keil_v5\C51\BIN\C51.EXE source\adc.c LARGE OMF2 OPTIMIZE(8,SPEED) BROWSE INCDIR(.\include;.\sour
                    -ce;.\include) DEBUG PRINT(.\lst\adc.lst) TABS(2) OBJECT(.\output\adc.obj)

line level    source

   1          
   2          #ifndef _GPIO_C_
   3          #define _GPIO_C_
   4          /*********************************************************************************************************
             -************/
   5          #include "include/ca51f_config.h"   
   6          #include "include/ca51f2sfr.h"
   7          #include "include/ca51f2xsfr.h"
   8          #include "include/gpiodef_f2.h"
   9          #include "include/system_clock.h"
  10          
  11          #include "include/uart.h"
  12          #include "include/lcd_led.h"
  13          #include "include/delay.h"
  14          #include "include/gpio.h"
  15          #include "include/adc.h"
  16          #include <intrins.h>
  17          /*********************************************************************************************************
             -************      
  18          
  19          
  20          
  21          **********************************************************************************************************
             -***********/  
  22          double VDD_Voltage;
  23          /*****************************************************************************
  24           ** \brief   ADC_init 
  25                 获取 VDD电压
  26           ** \param   [in] none       
  27           ** \return   none
  28          *****************************************************************************/
  29          void ADC_init(void)
  30          {
  31   1        unsigned int AD_Value;  
  32   1      /**********初始化ADC寄存器（设置ADC时钟、选择ADC参考电压、设置ADC运放、加载内部1.5V校准值）***********/
  33   1        ADCON = AST(0) | ADIE(0) | HTME(7) | VSEL(ADC_REF_INNER);   //设置ADC参考电压为内部1.5V
  34   1        ADCFGH = AOVE(0) | VTRIM(35);           
  35   1      /**************************************************************************************************/
  36   1      
  37   1      /**********设置ADC通道和时钟分频*********************************************************************/
  38   1        ADCFGL = ACKD(7) | ADCHS(ADC_VDD);  //选择ADC通道为1/4VDD
  39   1      /**************************************************************************************************/
  40   1      
  41   1        ADCON |= AST(1);                //启动ADC转换
  42   1        while(!(ADCON & ADIF));             //等待ADC转换完成
  43   1        ADCON |= ADIF;                  //清除ADC中断标志
  44   1        AD_Value = ADCDH*256 + ADCDL;         //读取AD值
  45   1        AD_Value >>= 4;   
  46   1        VDD_Voltage = ((double)AD_Value*1.5*4)/4095;  //根据ADC值换算为电压值，注意：由于ADC检测的是1/4VDD，所以换
             -算为VDD电压时ADC值要乘以4
  47   1      }
  48          
  49          
  50          #endif
C51 COMPILER V9.60.0.0   ADC                                                               07/09/2023 22:10:34 PAGE 2   

*** WARNING C316 IN LINE 50 OF source\adc.c: unterminated conditionals


MODULE INFORMATION:   STATIC OVERLAYABLE
   CODE SIZE        =     80    ----
   CONSTANT SIZE    =   ----    ----
   XDATA SIZE       =      4    ----
   PDATA SIZE       =   ----    ----
   DATA SIZE        =   ----    ----
   IDATA SIZE       =   ----    ----
   BIT SIZE         =   ----    ----
   EDATA SIZE       =   ----    ----
   HDATA SIZE       =   ----    ----
   XDATA CONST SIZE =   ----    ----
   FAR CONST SIZE   =   ----    ----
END OF MODULE INFORMATION.


C51 COMPILATION COMPLETE.  1 WARNING(S),  0 ERROR(S)
