C51 COMPILER V9.60.0.0   DELAY                                                             07/06/2023 22:05:42 PAGE 1   


C51 COMPILER V9.60.0.0, COMPILATION OF MODULE DELAY
OBJECT MODULE PLACED IN .\output\delay.obj
COMPILER INVOKED BY: D:\Keil_v5\C51\BIN\C51.EXE source\delay.c LARGE OMF2 OPTIMIZE(8,SPEED) BROWSE INCDIR(.\include;.\so
                    -urce;.\include) DEBUG PRINT(.\lst\delay.lst) TABS(2) OBJECT(.\output\delay.obj)

line level    source

   1          #ifndef _Delay_C_
   2          #define _Delay_C_
   3          #include "include/ca51f_config.h"
   4          /*********************************************************************************************************
             -************/
   5          void Delay_50us(unsigned int n)    
   6          {
   7   1        unsigned char i;
   8   1      #if (SYSCLK_SRC == PLL)
                n *= PLL_Multiple;
              #endif 
  11   1        
  12   1        while(n--)
  13   1        {
  14   2          for(i=0;i<15;i++);
  15   2        }
  16   1      }
  17          void delay_us(unsigned int n)
  18          {
  19   1        unsigned int i;
  20   1      for(n=n;n>0;n--)
  21   1        {
  22   2      //    _nop_();
  23   2      //    _nop_();
  24   2      //    _nop_();
  25   2          for(i=5;i>0;i--);
  26   2        }
  27   1      }
  28          void Delay_ms(unsigned int n)
  29          {
  30   1        while(n--)
  31   1        {
  32   2          Delay_50us(20);
  33   2        }
  34   1      }
  35          
  36          /*********************************************************************************************************
             -************/
  37          #endif


MODULE INFORMATION:   STATIC OVERLAYABLE
   CODE SIZE        =     88    ----
   CONSTANT SIZE    =   ----    ----
   XDATA SIZE       =   ----       2
   PDATA SIZE       =   ----    ----
   DATA SIZE        =   ----    ----
   IDATA SIZE       =   ----    ----
   BIT SIZE         =   ----    ----
   EDATA SIZE       =   ----    ----
   HDATA SIZE       =   ----    ----
   XDATA CONST SIZE =   ----    ----
   FAR CONST SIZE   =   ----    ----
END OF MODULE INFORMATION.

C51 COMPILER V9.60.0.0   DELAY                                                             07/06/2023 22:05:42 PAGE 2   


C51 COMPILATION COMPLETE.  0 WARNING(S),  0 ERROR(S)
